<?xml version="1.0" encoding="UTF-8"?>
<testsuite name="demoqa.RegistrationTest" tests="1" skipped="0" failures="0" errors="0" timestamp="2023-08-30T16:17:06" hostname="WIN-QI9JIULTOQ6" time="9.826">
  <properties/>
  <testcase name="successfulRegistrationTest()" classname="demoqa.RegistrationTest" time="9.826"/>
  <system-out><![CDATA[]]></system-out>
  <system-err><![CDATA[SLF4J: No SLF4J providers were found.
SLF4J: Defaulting to no-operation (NOP) logger implementation
SLF4J: See https://www.slf4j.org/codes.html#noProviders for further details.
авг. 30, 2023 7:17:07 PM org.openqa.selenium.remote.service.DriverService$Builder getLogOutput
INFO: Driver logs no longer sent to console by default; https://www.selenium.dev/documentation/webdriver/drivers/service/#setting-log-output
авг. 30, 2023 7:17:11 PM org.openqa.selenium.devtools.CdpVersionFinder findNearestMatch
WARNING: Unable to find an exact match for CDP version 116, so returning the closest version found: 114
]]></system-err>
</testsuite>
